[2022-12-01 07:40:55] local.ERROR: SQLSTATE[HY000] [2002] No connection could be made because the target machine actively refused it (SQL: insert into `mahasiswas` (`nim`, `nama`, `angkatan`, `password`, `updated_at`, `created_at`) values (205150707111034, Hanif, 2020, $2y$10$5s4XWWZZKc/ju13k98jVT.zF0nSZt6Y96yx0QwxdgEN8KScjuBXXK, 2022-12-01 07:40:53, 2022-12-01 07:40:53)) {"exception":"[object] (Illuminate\\Database\\QueryException(code: 2002): SQLSTATE[HY000] [2002] No connection could be made because the target machine actively refused it (SQL: insert into `mahasiswas` (`nim`, `nama`, `angkatan`, `password`, `updated_at`, `created_at`) values (205150707111034, Hanif, 2020, $2y$10$5s4XWWZZKc/ju13k98jVT.zF0nSZt6Y96yx0QwxdgEN8KScjuBXXK, 2022-12-01 07:40:53, 2022-12-01 07:40:53)) at D:\\FILKOM\\PemIn (A)\\lumen-prak\\vendor\\illuminate\\database\\Connection.php:760)
[stacktrace]
#0 D:\\FILKOM\\PemIn (A)\\lumen-prak\\vendor\\illuminate\\database\\Connection.php(720): Illuminate\\Database\\Connection->runQueryCallback('insert into `ma...', Array, Object(Closure))
#1 D:\\FILKOM\\PemIn (A)\\lumen-prak\\vendor\\illuminate\\database\\Connection.php(546): Illuminate\\Database\\Connection->run('insert into `ma...', Array, Object(Closure))
#2 D:\\FILKOM\\PemIn (A)\\lumen-prak\\vendor\\illuminate\\database\\Connection.php(498): Illuminate\\Database\\Connection->statement('insert into `ma...', Array)
#3 D:\\FILKOM\\PemIn (A)\\lumen-prak\\vendor\\illuminate\\database\\Query\\Processors\\Processor.php(32): Illuminate\\Database\\Connection->insert('insert into `ma...', Array)
#4 D:\\FILKOM\\PemIn (A)\\lumen-prak\\vendor\\illuminate\\database\\Query\\Builder.php(3266): Illuminate\\Database\\Query\\Processors\\Processor->processInsertGetId(Object(Illuminate\\Database\\Query\\Builder), 'insert into `ma...', Array, 'nim')
#5 D:\\FILKOM\\PemIn (A)\\lumen-prak\\vendor\\illuminate\\database\\Eloquent\\Builder.php(1861): Illuminate\\Database\\Query\\Builder->insertGetId(Array, 'nim')
#6 D:\\FILKOM\\PemIn (A)\\lumen-prak\\vendor\\illuminate\\database\\Eloquent\\Model.php(1322): Illuminate\\Database\\Eloquent\\Builder->__call('insertGetId', Array)
#7 D:\\FILKOM\\PemIn (A)\\lumen-prak\\vendor\\illuminate\\database\\Eloquent\\Model.php(1287): Illuminate\\Database\\Eloquent\\Model->insertAndSetId(Object(Illuminate\\Database\\Eloquent\\Builder), Array)
#8 D:\\FILKOM\\PemIn (A)\\lumen-prak\\vendor\\illuminate\\database\\Eloquent\\Model.php(1128): Illuminate\\Database\\Eloquent\\Model->performInsert(Object(Illuminate\\Database\\Eloquent\\Builder))
#9 D:\\FILKOM\\PemIn (A)\\lumen-prak\\vendor\\illuminate\\database\\Eloquent\\Builder.php(978): Illuminate\\Database\\Eloquent\\Model->save()
#10 D:\\FILKOM\\PemIn (A)\\lumen-prak\\vendor\\illuminate\\support\\helpers.php(306): Illuminate\\Database\\Eloquent\\Builder->Illuminate\\Database\\Eloquent\\{closure}(Object(App\\Models\\Mahasiswa))
#11 D:\\FILKOM\\PemIn (A)\\lumen-prak\\vendor\\illuminate\\database\\Eloquent\\Builder.php(979): tap(Object(App\\Models\\Mahasiswa), Object(Closure))
#12 D:\\FILKOM\\PemIn (A)\\lumen-prak\\vendor\\illuminate\\support\\Traits\\ForwardsCalls.php(23): Illuminate\\Database\\Eloquent\\Builder->create(Array)
#13 D:\\FILKOM\\PemIn (A)\\lumen-prak\\vendor\\illuminate\\database\\Eloquent\\Model.php(2321): Illuminate\\Database\\Eloquent\\Model->forwardCallTo(Object(Illuminate\\Database\\Eloquent\\Builder), 'create', Array)
#14 D:\\FILKOM\\PemIn (A)\\lumen-prak\\vendor\\illuminate\\database\\Eloquent\\Model.php(2333): Illuminate\\Database\\Eloquent\\Model->__call('create', Array)
#15 D:\\FILKOM\\PemIn (A)\\lumen-prak\\app\\Http\\Controllers\\AuthController.php(52): Illuminate\\Database\\Eloquent\\Model::__callStatic('create', Array)
#16 D:\\FILKOM\\PemIn (A)\\lumen-prak\\vendor\\illuminate\\container\\BoundMethod.php(36): App\\Http\\Controllers\\AuthController->register(Object(Laravel\\Lumen\\Http\\Request))
#17 D:\\FILKOM\\PemIn (A)\\lumen-prak\\vendor\\illuminate\\container\\Util.php(41): Illuminate\\Container\\BoundMethod::Illuminate\\Container\\{closure}()
#18 D:\\FILKOM\\PemIn (A)\\lumen-prak\\vendor\\illuminate\\container\\BoundMethod.php(93): Illuminate\\Container\\Util::unwrapIfClosure(Object(Closure))
#19 D:\\FILKOM\\PemIn (A)\\lumen-prak\\vendor\\illuminate\\container\\BoundMethod.php(37): Illuminate\\Container\\BoundMethod::callBoundMethod(Object(Laravel\\Lumen\\Application), Array, Object(Closure))
#20 D:\\FILKOM\\PemIn (A)\\lumen-prak\\vendor\\illuminate\\container\\Container.php(651): Illuminate\\Container\\BoundMethod::call(Object(Laravel\\Lumen\\Application), Array, Array, NULL)
#21 D:\\FILKOM\\PemIn (A)\\lumen-prak\\vendor\\laravel\\lumen-framework\\src\\Concerns\\RoutesRequests.php(391): Illuminate\\Container\\Container->call(Array, Array)
#22 D:\\FILKOM\\PemIn (A)\\lumen-prak\\vendor\\laravel\\lumen-framework\\src\\Concerns\\RoutesRequests.php(357): Laravel\\Lumen\\Application->callControllerCallable(Array, Array)
#23 D:\\FILKOM\\PemIn (A)\\lumen-prak\\vendor\\laravel\\lumen-framework\\src\\Concerns\\RoutesRequests.php(331): Laravel\\Lumen\\Application->callLumenController(Object(App\\Http\\Controllers\\AuthController), 'register', Array)
#24 D:\\FILKOM\\PemIn (A)\\lumen-prak\\vendor\\laravel\\lumen-framework\\src\\Concerns\\RoutesRequests.php(284): Laravel\\Lumen\\Application->callControllerAction(Array)
#25 D:\\FILKOM\\PemIn (A)\\lumen-prak\\vendor\\laravel\\lumen-framework\\src\\Concerns\\RoutesRequests.php(269): Laravel\\Lumen\\Application->callActionOnArrayBasedRoute(Array)
#26 D:\\FILKOM\\PemIn (A)\\lumen-prak\\vendor\\laravel\\lumen-framework\\src\\Concerns\\RoutesRequests.php(171): Laravel\\Lumen\\Application->handleFoundRoute(Array)
#27 D:\\FILKOM\\PemIn (A)\\lumen-prak\\vendor\\laravel\\lumen-framework\\src\\Concerns\\RoutesRequests.php(431): Laravel\\Lumen\\Application->Laravel\\Lumen\\Concerns\\{closure}(Object(Laravel\\Lumen\\Http\\Request))
#28 D:\\FILKOM\\PemIn (A)\\lumen-prak\\vendor\\laravel\\lumen-framework\\src\\Concerns\\RoutesRequests.php(177): Laravel\\Lumen\\Application->sendThroughPipeline(Array, Object(Closure))
#29 D:\\FILKOM\\PemIn (A)\\lumen-prak\\vendor\\laravel\\lumen-framework\\src\\Concerns\\RoutesRequests.php(112): Laravel\\Lumen\\Application->dispatch(NULL)
#30 D:\\FILKOM\\PemIn (A)\\lumen-prak\\public\\index.php(28): Laravel\\Lumen\\Application->run()
#31 {main}

[previous exception] [object] (PDOException(code: 2002): SQLSTATE[HY000] [2002] No connection could be made because the target machine actively refused it at D:\\FILKOM\\PemIn (A)\\lumen-prak\\vendor\\illuminate\\database\\Connectors\\Connector.php:70)
[stacktrace]
#0 D:\\FILKOM\\PemIn (A)\\lumen-prak\\vendor\\illuminate\\database\\Connectors\\Connector.php(70): PDO->__construct('mysql:host=127....', 'root', '', Array)
#1 D:\\FILKOM\\PemIn (A)\\lumen-prak\\vendor\\illuminate\\database\\Connectors\\Connector.php(46): Illuminate\\Database\\Connectors\\Connector->createPdoConnection('mysql:host=127....', 'root', '', Array)
#2 D:\\FILKOM\\PemIn (A)\\lumen-prak\\vendor\\illuminate\\database\\Connectors\\MySqlConnector.php(24): Illuminate\\Database\\Connectors\\Connector->createConnection('mysql:host=127....', Array, Array)
#3 D:\\FILKOM\\PemIn (A)\\lumen-prak\\vendor\\illuminate\\database\\Connectors\\ConnectionFactory.php(184): Illuminate\\Database\\Connectors\\MySqlConnector->connect(Array)
#4 [internal function]: Illuminate\\Database\\Connectors\\ConnectionFactory->Illuminate\\Database\\Connectors\\{closure}()
#5 D:\\FILKOM\\PemIn (A)\\lumen-prak\\vendor\\illuminate\\database\\Connection.php(1171): call_user_func(Object(Closure))
#6 D:\\FILKOM\\PemIn (A)\\lumen-prak\\vendor\\illuminate\\database\\Connection.php(539): Illuminate\\Database\\Connection->getPdo()
#7 D:\\FILKOM\\PemIn (A)\\lumen-prak\\vendor\\illuminate\\database\\Connection.php(753): Illuminate\\Database\\Connection->Illuminate\\Database\\{closure}('insert into `ma...', Array)
#8 D:\\FILKOM\\PemIn (A)\\lumen-prak\\vendor\\illuminate\\database\\Connection.php(720): Illuminate\\Database\\Connection->runQueryCallback('insert into `ma...', Array, Object(Closure))
#9 D:\\FILKOM\\PemIn (A)\\lumen-prak\\vendor\\illuminate\\database\\Connection.php(546): Illuminate\\Database\\Connection->run('insert into `ma...', Array, Object(Closure))
#10 D:\\FILKOM\\PemIn (A)\\lumen-prak\\vendor\\illuminate\\database\\Connection.php(498): Illuminate\\Database\\Connection->statement('insert into `ma...', Array)
#11 D:\\FILKOM\\PemIn (A)\\lumen-prak\\vendor\\illuminate\\database\\Query\\Processors\\Processor.php(32): Illuminate\\Database\\Connection->insert('insert into `ma...', Array)
#12 D:\\FILKOM\\PemIn (A)\\lumen-prak\\vendor\\illuminate\\database\\Query\\Builder.php(3266): Illuminate\\Database\\Query\\Processors\\Processor->processInsertGetId(Object(Illuminate\\Database\\Query\\Builder), 'insert into `ma...', Array, 'nim')
#13 D:\\FILKOM\\PemIn (A)\\lumen-prak\\vendor\\illuminate\\database\\Eloquent\\Builder.php(1861): Illuminate\\Database\\Query\\Builder->insertGetId(Array, 'nim')
#14 D:\\FILKOM\\PemIn (A)\\lumen-prak\\vendor\\illuminate\\database\\Eloquent\\Model.php(1322): Illuminate\\Database\\Eloquent\\Builder->__call('insertGetId', Array)
#15 D:\\FILKOM\\PemIn (A)\\lumen-prak\\vendor\\illuminate\\database\\Eloquent\\Model.php(1287): Illuminate\\Database\\Eloquent\\Model->insertAndSetId(Object(Illuminate\\Database\\Eloquent\\Builder), Array)
#16 D:\\FILKOM\\PemIn (A)\\lumen-prak\\vendor\\illuminate\\database\\Eloquent\\Model.php(1128): Illuminate\\Database\\Eloquent\\Model->performInsert(Object(Illuminate\\Database\\Eloquent\\Builder))
#17 D:\\FILKOM\\PemIn (A)\\lumen-prak\\vendor\\illuminate\\database\\Eloquent\\Builder.php(978): Illuminate\\Database\\Eloquent\\Model->save()
#18 D:\\FILKOM\\PemIn (A)\\lumen-prak\\vendor\\illuminate\\support\\helpers.php(306): Illuminate\\Database\\Eloquent\\Builder->Illuminate\\Database\\Eloquent\\{closure}(Object(App\\Models\\Mahasiswa))
#19 D:\\FILKOM\\PemIn (A)\\lumen-prak\\vendor\\illuminate\\database\\Eloquent\\Builder.php(979): tap(Object(App\\Models\\Mahasiswa), Object(Closure))
#20 D:\\FILKOM\\PemIn (A)\\lumen-prak\\vendor\\illuminate\\support\\Traits\\ForwardsCalls.php(23): Illuminate\\Database\\Eloquent\\Builder->create(Array)
#21 D:\\FILKOM\\PemIn (A)\\lumen-prak\\vendor\\illuminate\\database\\Eloquent\\Model.php(2321): Illuminate\\Database\\Eloquent\\Model->forwardCallTo(Object(Illuminate\\Database\\Eloquent\\Builder), 'create', Array)
#22 D:\\FILKOM\\PemIn (A)\\lumen-prak\\vendor\\illuminate\\database\\Eloquent\\Model.php(2333): Illuminate\\Database\\Eloquent\\Model->__call('create', Array)
#23 D:\\FILKOM\\PemIn (A)\\lumen-prak\\app\\Http\\Controllers\\AuthController.php(52): Illuminate\\Database\\Eloquent\\Model::__callStatic('create', Array)
#24 D:\\FILKOM\\PemIn (A)\\lumen-prak\\vendor\\illuminate\\container\\BoundMethod.php(36): App\\Http\\Controllers\\AuthController->register(Object(Laravel\\Lumen\\Http\\Request))
#25 D:\\FILKOM\\PemIn (A)\\lumen-prak\\vendor\\illuminate\\container\\Util.php(41): Illuminate\\Container\\BoundMethod::Illuminate\\Container\\{closure}()
#26 D:\\FILKOM\\PemIn (A)\\lumen-prak\\vendor\\illuminate\\container\\BoundMethod.php(93): Illuminate\\Container\\Util::unwrapIfClosure(Object(Closure))
#27 D:\\FILKOM\\PemIn (A)\\lumen-prak\\vendor\\illuminate\\container\\BoundMethod.php(37): Illuminate\\Container\\BoundMethod::callBoundMethod(Object(Laravel\\Lumen\\Application), Array, Object(Closure))
#28 D:\\FILKOM\\PemIn (A)\\lumen-prak\\vendor\\illuminate\\container\\Container.php(651): Illuminate\\Container\\BoundMethod::call(Object(Laravel\\Lumen\\Application), Array, Array, NULL)
#29 D:\\FILKOM\\PemIn (A)\\lumen-prak\\vendor\\laravel\\lumen-framework\\src\\Concerns\\RoutesRequests.php(391): Illuminate\\Container\\Container->call(Array, Array)
#30 D:\\FILKOM\\PemIn (A)\\lumen-prak\\vendor\\laravel\\lumen-framework\\src\\Concerns\\RoutesRequests.php(357): Laravel\\Lumen\\Application->callControllerCallable(Array, Array)
#31 D:\\FILKOM\\PemIn (A)\\lumen-prak\\vendor\\laravel\\lumen-framework\\src\\Concerns\\RoutesRequests.php(331): Laravel\\Lumen\\Application->callLumenController(Object(App\\Http\\Controllers\\AuthController), 'register', Array)
#32 D:\\FILKOM\\PemIn (A)\\lumen-prak\\vendor\\laravel\\lumen-framework\\src\\Concerns\\RoutesRequests.php(284): Laravel\\Lumen\\Application->callControllerAction(Array)
#33 D:\\FILKOM\\PemIn (A)\\lumen-prak\\vendor\\laravel\\lumen-framework\\src\\Concerns\\RoutesRequests.php(269): Laravel\\Lumen\\Application->callActionOnArrayBasedRoute(Array)
#34 D:\\FILKOM\\PemIn (A)\\lumen-prak\\vendor\\laravel\\lumen-framework\\src\\Concerns\\RoutesRequests.php(171): Laravel\\Lumen\\Application->handleFoundRoute(Array)
#35 D:\\FILKOM\\PemIn (A)\\lumen-prak\\vendor\\laravel\\lumen-framework\\src\\Concerns\\RoutesRequests.php(431): Laravel\\Lumen\\Application->Laravel\\Lumen\\Concerns\\{closure}(Object(Laravel\\Lumen\\Http\\Request))
#36 D:\\FILKOM\\PemIn (A)\\lumen-prak\\vendor\\laravel\\lumen-framework\\src\\Concerns\\RoutesRequests.php(177): Laravel\\Lumen\\Application->sendThroughPipeline(Array, Object(Closure))
#37 D:\\FILKOM\\PemIn (A)\\lumen-prak\\vendor\\laravel\\lumen-framework\\src\\Concerns\\RoutesRequests.php(112): Laravel\\Lumen\\Application->dispatch(NULL)
#38 D:\\FILKOM\\PemIn (A)\\lumen-prak\\public\\index.php(28): Laravel\\Lumen\\Application->run()
#39 {main}
"} 
[2022-12-01 07:41:46] local.ERROR: SQLSTATE[42S02]: Base table or view not found: 1146 Table 'lumenprak.mahasiswas' doesn't exist (SQL: insert into `mahasiswas` (`nim`, `nama`, `angkatan`, `password`, `updated_at`, `created_at`) values (205150707111034, Hanif, 2020, $2y$10$XJcqgKpAJkLmBitE4N7d.uq4WC.7CWvf3bBbMOwnE8bUtAkYTpdhS, 2022-12-01 07:41:46, 2022-12-01 07:41:46)) {"exception":"[object] (Illuminate\\Database\\QueryException(code: 42S02): SQLSTATE[42S02]: Base table or view not found: 1146 Table 'lumenprak.mahasiswas' doesn't exist (SQL: insert into `mahasiswas` (`nim`, `nama`, `angkatan`, `password`, `updated_at`, `created_at`) values (205150707111034, Hanif, 2020, $2y$10$XJcqgKpAJkLmBitE4N7d.uq4WC.7CWvf3bBbMOwnE8bUtAkYTpdhS, 2022-12-01 07:41:46, 2022-12-01 07:41:46)) at D:\\FILKOM\\PemIn (A)\\lumen-prak\\vendor\\illuminate\\database\\Connection.php:760)
[stacktrace]
#0 D:\\FILKOM\\PemIn (A)\\lumen-prak\\vendor\\illuminate\\database\\Connection.php(720): Illuminate\\Database\\Connection->runQueryCallback('insert into `ma...', Array, Object(Closure))
#1 D:\\FILKOM\\PemIn (A)\\lumen-prak\\vendor\\illuminate\\database\\Connection.php(546): Illuminate\\Database\\Connection->run('insert into `ma...', Array, Object(Closure))
#2 D:\\FILKOM\\PemIn (A)\\lumen-prak\\vendor\\illuminate\\database\\Connection.php(498): Illuminate\\Database\\Connection->statement('insert into `ma...', Array)
#3 D:\\FILKOM\\PemIn (A)\\lumen-prak\\vendor\\illuminate\\database\\Query\\Processors\\Processor.php(32): Illuminate\\Database\\Connection->insert('insert into `ma...', Array)
#4 D:\\FILKOM\\PemIn (A)\\lumen-prak\\vendor\\illuminate\\database\\Query\\Builder.php(3266): Illuminate\\Database\\Query\\Processors\\Processor->processInsertGetId(Object(Illuminate\\Database\\Query\\Builder), 'insert into `ma...', Array, 'nim')
#5 D:\\FILKOM\\PemIn (A)\\lumen-prak\\vendor\\illuminate\\database\\Eloquent\\Builder.php(1861): Illuminate\\Database\\Query\\Builder->insertGetId(Array, 'nim')
#6 D:\\FILKOM\\PemIn (A)\\lumen-prak\\vendor\\illuminate\\database\\Eloquent\\Model.php(1322): Illuminate\\Database\\Eloquent\\Builder->__call('insertGetId', Array)
#7 D:\\FILKOM\\PemIn (A)\\lumen-prak\\vendor\\illuminate\\database\\Eloquent\\Model.php(1287): Illuminate\\Database\\Eloquent\\Model->insertAndSetId(Object(Illuminate\\Database\\Eloquent\\Builder), Array)
#8 D:\\FILKOM\\PemIn (A)\\lumen-prak\\vendor\\illuminate\\database\\Eloquent\\Model.php(1128): Illuminate\\Database\\Eloquent\\Model->performInsert(Object(Illuminate\\Database\\Eloquent\\Builder))
#9 D:\\FILKOM\\PemIn (A)\\lumen-prak\\vendor\\illuminate\\database\\Eloquent\\Builder.php(978): Illuminate\\Database\\Eloquent\\Model->save()
#10 D:\\FILKOM\\PemIn (A)\\lumen-prak\\vendor\\illuminate\\support\\helpers.php(306): Illuminate\\Database\\Eloquent\\Builder->Illuminate\\Database\\Eloquent\\{closure}(Object(App\\Models\\Mahasiswa))
#11 D:\\FILKOM\\PemIn (A)\\lumen-prak\\vendor\\illuminate\\database\\Eloquent\\Builder.php(979): tap(Object(App\\Models\\Mahasiswa), Object(Closure))
#12 D:\\FILKOM\\PemIn (A)\\lumen-prak\\vendor\\illuminate\\support\\Traits\\ForwardsCalls.php(23): Illuminate\\Database\\Eloquent\\Builder->create(Array)
#13 D:\\FILKOM\\PemIn (A)\\lumen-prak\\vendor\\illuminate\\database\\Eloquent\\Model.php(2321): Illuminate\\Database\\Eloquent\\Model->forwardCallTo(Object(Illuminate\\Database\\Eloquent\\Builder), 'create', Array)
#14 D:\\FILKOM\\PemIn (A)\\lumen-prak\\vendor\\illuminate\\database\\Eloquent\\Model.php(2333): Illuminate\\Database\\Eloquent\\Model->__call('create', Array)
#15 D:\\FILKOM\\PemIn (A)\\lumen-prak\\app\\Http\\Controllers\\AuthController.php(52): Illuminate\\Database\\Eloquent\\Model::__callStatic('create', Array)
#16 D:\\FILKOM\\PemIn (A)\\lumen-prak\\vendor\\illuminate\\container\\BoundMethod.php(36): App\\Http\\Controllers\\AuthController->register(Object(Laravel\\Lumen\\Http\\Request))
#17 D:\\FILKOM\\PemIn (A)\\lumen-prak\\vendor\\illuminate\\container\\Util.php(41): Illuminate\\Container\\BoundMethod::Illuminate\\Container\\{closure}()
#18 D:\\FILKOM\\PemIn (A)\\lumen-prak\\vendor\\illuminate\\container\\BoundMethod.php(93): Illuminate\\Container\\Util::unwrapIfClosure(Object(Closure))
#19 D:\\FILKOM\\PemIn (A)\\lumen-prak\\vendor\\illuminate\\container\\BoundMethod.php(37): Illuminate\\Container\\BoundMethod::callBoundMethod(Object(Laravel\\Lumen\\Application), Array, Object(Closure))
#20 D:\\FILKOM\\PemIn (A)\\lumen-prak\\vendor\\illuminate\\container\\Container.php(651): Illuminate\\Container\\BoundMethod::call(Object(Laravel\\Lumen\\Application), Array, Array, NULL)
#21 D:\\FILKOM\\PemIn (A)\\lumen-prak\\vendor\\laravel\\lumen-framework\\src\\Concerns\\RoutesRequests.php(391): Illuminate\\Container\\Container->call(Array, Array)
#22 D:\\FILKOM\\PemIn (A)\\lumen-prak\\vendor\\laravel\\lumen-framework\\src\\Concerns\\RoutesRequests.php(357): Laravel\\Lumen\\Application->callControllerCallable(Array, Array)
#23 D:\\FILKOM\\PemIn (A)\\lumen-prak\\vendor\\laravel\\lumen-framework\\src\\Concerns\\RoutesRequests.php(331): Laravel\\Lumen\\Application->callLumenController(Object(App\\Http\\Controllers\\AuthController), 'register', Array)
#24 D:\\FILKOM\\PemIn (A)\\lumen-prak\\vendor\\laravel\\lumen-framework\\src\\Concerns\\RoutesRequests.php(284): Laravel\\Lumen\\Application->callControllerAction(Array)
#25 D:\\FILKOM\\PemIn (A)\\lumen-prak\\vendor\\laravel\\lumen-framework\\src\\Concerns\\RoutesRequests.php(269): Laravel\\Lumen\\Application->callActionOnArrayBasedRoute(Array)
#26 D:\\FILKOM\\PemIn (A)\\lumen-prak\\vendor\\laravel\\lumen-framework\\src\\Concerns\\RoutesRequests.php(171): Laravel\\Lumen\\Application->handleFoundRoute(Array)
#27 D:\\FILKOM\\PemIn (A)\\lumen-prak\\vendor\\laravel\\lumen-framework\\src\\Concerns\\RoutesRequests.php(431): Laravel\\Lumen\\Application->Laravel\\Lumen\\Concerns\\{closure}(Object(Laravel\\Lumen\\Http\\Request))
#28 D:\\FILKOM\\PemIn (A)\\lumen-prak\\vendor\\laravel\\lumen-framework\\src\\Concerns\\RoutesRequests.php(177): Laravel\\Lumen\\Application->sendThroughPipeline(Array, Object(Closure))
#29 D:\\FILKOM\\PemIn (A)\\lumen-prak\\vendor\\laravel\\lumen-framework\\src\\Concerns\\RoutesRequests.php(112): Laravel\\Lumen\\Application->dispatch(NULL)
#30 D:\\FILKOM\\PemIn (A)\\lumen-prak\\public\\index.php(28): Laravel\\Lumen\\Application->run()
#31 {main}

[previous exception] [object] (PDOException(code: 42S02): SQLSTATE[42S02]: Base table or view not found: 1146 Table 'lumenprak.mahasiswas' doesn't exist at D:\\FILKOM\\PemIn (A)\\lumen-prak\\vendor\\illuminate\\database\\Connection.php:539)
[stacktrace]
#0 D:\\FILKOM\\PemIn (A)\\lumen-prak\\vendor\\illuminate\\database\\Connection.php(539): PDO->prepare('insert into `ma...')
#1 D:\\FILKOM\\PemIn (A)\\lumen-prak\\vendor\\illuminate\\database\\Connection.php(753): Illuminate\\Database\\Connection->Illuminate\\Database\\{closure}('insert into `ma...', Array)
#2 D:\\FILKOM\\PemIn (A)\\lumen-prak\\vendor\\illuminate\\database\\Connection.php(720): Illuminate\\Database\\Connection->runQueryCallback('insert into `ma...', Array, Object(Closure))
#3 D:\\FILKOM\\PemIn (A)\\lumen-prak\\vendor\\illuminate\\database\\Connection.php(546): Illuminate\\Database\\Connection->run('insert into `ma...', Array, Object(Closure))
#4 D:\\FILKOM\\PemIn (A)\\lumen-prak\\vendor\\illuminate\\database\\Connection.php(498): Illuminate\\Database\\Connection->statement('insert into `ma...', Array)
#5 D:\\FILKOM\\PemIn (A)\\lumen-prak\\vendor\\illuminate\\database\\Query\\Processors\\Processor.php(32): Illuminate\\Database\\Connection->insert('insert into `ma...', Array)
#6 D:\\FILKOM\\PemIn (A)\\lumen-prak\\vendor\\illuminate\\database\\Query\\Builder.php(3266): Illuminate\\Database\\Query\\Processors\\Processor->processInsertGetId(Object(Illuminate\\Database\\Query\\Builder), 'insert into `ma...', Array, 'nim')
#7 D:\\FILKOM\\PemIn (A)\\lumen-prak\\vendor\\illuminate\\database\\Eloquent\\Builder.php(1861): Illuminate\\Database\\Query\\Builder->insertGetId(Array, 'nim')
#8 D:\\FILKOM\\PemIn (A)\\lumen-prak\\vendor\\illuminate\\database\\Eloquent\\Model.php(1322): Illuminate\\Database\\Eloquent\\Builder->__call('insertGetId', Array)
#9 D:\\FILKOM\\PemIn (A)\\lumen-prak\\vendor\\illuminate\\database\\Eloquent\\Model.php(1287): Illuminate\\Database\\Eloquent\\Model->insertAndSetId(Object(Illuminate\\Database\\Eloquent\\Builder), Array)
#10 D:\\FILKOM\\PemIn (A)\\lumen-prak\\vendor\\illuminate\\database\\Eloquent\\Model.php(1128): Illuminate\\Database\\Eloquent\\Model->performInsert(Object(Illuminate\\Database\\Eloquent\\Builder))
#11 D:\\FILKOM\\PemIn (A)\\lumen-prak\\vendor\\illuminate\\database\\Eloquent\\Builder.php(978): Illuminate\\Database\\Eloquent\\Model->save()
#12 D:\\FILKOM\\PemIn (A)\\lumen-prak\\vendor\\illuminate\\support\\helpers.php(306): Illuminate\\Database\\Eloquent\\Builder->Illuminate\\Database\\Eloquent\\{closure}(Object(App\\Models\\Mahasiswa))
#13 D:\\FILKOM\\PemIn (A)\\lumen-prak\\vendor\\illuminate\\database\\Eloquent\\Builder.php(979): tap(Object(App\\Models\\Mahasiswa), Object(Closure))
#14 D:\\FILKOM\\PemIn (A)\\lumen-prak\\vendor\\illuminate\\support\\Traits\\ForwardsCalls.php(23): Illuminate\\Database\\Eloquent\\Builder->create(Array)
#15 D:\\FILKOM\\PemIn (A)\\lumen-prak\\vendor\\illuminate\\database\\Eloquent\\Model.php(2321): Illuminate\\Database\\Eloquent\\Model->forwardCallTo(Object(Illuminate\\Database\\Eloquent\\Builder), 'create', Array)
#16 D:\\FILKOM\\PemIn (A)\\lumen-prak\\vendor\\illuminate\\database\\Eloquent\\Model.php(2333): Illuminate\\Database\\Eloquent\\Model->__call('create', Array)
#17 D:\\FILKOM\\PemIn (A)\\lumen-prak\\app\\Http\\Controllers\\AuthController.php(52): Illuminate\\Database\\Eloquent\\Model::__callStatic('create', Array)
#18 D:\\FILKOM\\PemIn (A)\\lumen-prak\\vendor\\illuminate\\container\\BoundMethod.php(36): App\\Http\\Controllers\\AuthController->register(Object(Laravel\\Lumen\\Http\\Request))
#19 D:\\FILKOM\\PemIn (A)\\lumen-prak\\vendor\\illuminate\\container\\Util.php(41): Illuminate\\Container\\BoundMethod::Illuminate\\Container\\{closure}()
#20 D:\\FILKOM\\PemIn (A)\\lumen-prak\\vendor\\illuminate\\container\\BoundMethod.php(93): Illuminate\\Container\\Util::unwrapIfClosure(Object(Closure))
#21 D:\\FILKOM\\PemIn (A)\\lumen-prak\\vendor\\illuminate\\container\\BoundMethod.php(37): Illuminate\\Container\\BoundMethod::callBoundMethod(Object(Laravel\\Lumen\\Application), Array, Object(Closure))
#22 D:\\FILKOM\\PemIn (A)\\lumen-prak\\vendor\\illuminate\\container\\Container.php(651): Illuminate\\Container\\BoundMethod::call(Object(Laravel\\Lumen\\Application), Array, Array, NULL)
#23 D:\\FILKOM\\PemIn (A)\\lumen-prak\\vendor\\laravel\\lumen-framework\\src\\Concerns\\RoutesRequests.php(391): Illuminate\\Container\\Container->call(Array, Array)
#24 D:\\FILKOM\\PemIn (A)\\lumen-prak\\vendor\\laravel\\lumen-framework\\src\\Concerns\\RoutesRequests.php(357): Laravel\\Lumen\\Application->callControllerCallable(Array, Array)
#25 D:\\FILKOM\\PemIn (A)\\lumen-prak\\vendor\\laravel\\lumen-framework\\src\\Concerns\\RoutesRequests.php(331): Laravel\\Lumen\\Application->callLumenController(Object(App\\Http\\Controllers\\AuthController), 'register', Array)
#26 D:\\FILKOM\\PemIn (A)\\lumen-prak\\vendor\\laravel\\lumen-framework\\src\\Concerns\\RoutesRequests.php(284): Laravel\\Lumen\\Application->callControllerAction(Array)
#27 D:\\FILKOM\\PemIn (A)\\lumen-prak\\vendor\\laravel\\lumen-framework\\src\\Concerns\\RoutesRequests.php(269): Laravel\\Lumen\\Application->callActionOnArrayBasedRoute(Array)
#28 D:\\FILKOM\\PemIn (A)\\lumen-prak\\vendor\\laravel\\lumen-framework\\src\\Concerns\\RoutesRequests.php(171): Laravel\\Lumen\\Application->handleFoundRoute(Array)
#29 D:\\FILKOM\\PemIn (A)\\lumen-prak\\vendor\\laravel\\lumen-framework\\src\\Concerns\\RoutesRequests.php(431): Laravel\\Lumen\\Application->Laravel\\Lumen\\Concerns\\{closure}(Object(Laravel\\Lumen\\Http\\Request))
#30 D:\\FILKOM\\PemIn (A)\\lumen-prak\\vendor\\laravel\\lumen-framework\\src\\Concerns\\RoutesRequests.php(177): Laravel\\Lumen\\Application->sendThroughPipeline(Array, Object(Closure))
#31 D:\\FILKOM\\PemIn (A)\\lumen-prak\\vendor\\laravel\\lumen-framework\\src\\Concerns\\RoutesRequests.php(112): Laravel\\Lumen\\Application->dispatch(NULL)
#32 D:\\FILKOM\\PemIn (A)\\lumen-prak\\public\\index.php(28): Laravel\\Lumen\\Application->run()
#33 {main}
"} 
[2022-12-01 07:44:58] local.ERROR: Undefined variable $mahasiswa {"exception":"[object] (ErrorException(code: 0): Undefined variable $mahasiswa at D:\\FILKOM\\PemIn (A)\\lumen-prak\\app\\Http\\Controllers\\AuthController.php:59)
[stacktrace]
#0 D:\\FILKOM\\PemIn (A)\\lumen-prak\\vendor\\laravel\\lumen-framework\\src\\Concerns\\RegistersExceptionHandlers.php(47): Laravel\\Lumen\\Application->handleError(2, 'Undefined varia...', 'D:\\\\FILKOM\\\\PemIn...', 59)
#1 D:\\FILKOM\\PemIn (A)\\lumen-prak\\app\\Http\\Controllers\\AuthController.php(59): Laravel\\Lumen\\Application->Laravel\\Lumen\\Concerns\\{closure}(2, 'Undefined varia...', 'D:\\\\FILKOM\\\\PemIn...', 59)
#2 D:\\FILKOM\\PemIn (A)\\lumen-prak\\vendor\\illuminate\\container\\BoundMethod.php(36): App\\Http\\Controllers\\AuthController->register(Object(Laravel\\Lumen\\Http\\Request))
#3 D:\\FILKOM\\PemIn (A)\\lumen-prak\\vendor\\illuminate\\container\\Util.php(41): Illuminate\\Container\\BoundMethod::Illuminate\\Container\\{closure}()
#4 D:\\FILKOM\\PemIn (A)\\lumen-prak\\vendor\\illuminate\\container\\BoundMethod.php(93): Illuminate\\Container\\Util::unwrapIfClosure(Object(Closure))
#5 D:\\FILKOM\\PemIn (A)\\lumen-prak\\vendor\\illuminate\\container\\BoundMethod.php(37): Illuminate\\Container\\BoundMethod::callBoundMethod(Object(Laravel\\Lumen\\Application), Array, Object(Closure))
#6 D:\\FILKOM\\PemIn (A)\\lumen-prak\\vendor\\illuminate\\container\\Container.php(651): Illuminate\\Container\\BoundMethod::call(Object(Laravel\\Lumen\\Application), Array, Array, NULL)
#7 D:\\FILKOM\\PemIn (A)\\lumen-prak\\vendor\\laravel\\lumen-framework\\src\\Concerns\\RoutesRequests.php(391): Illuminate\\Container\\Container->call(Array, Array)
#8 D:\\FILKOM\\PemIn (A)\\lumen-prak\\vendor\\laravel\\lumen-framework\\src\\Concerns\\RoutesRequests.php(357): Laravel\\Lumen\\Application->callControllerCallable(Array, Array)
#9 D:\\FILKOM\\PemIn (A)\\lumen-prak\\vendor\\laravel\\lumen-framework\\src\\Concerns\\RoutesRequests.php(331): Laravel\\Lumen\\Application->callLumenController(Object(App\\Http\\Controllers\\AuthController), 'register', Array)
#10 D:\\FILKOM\\PemIn (A)\\lumen-prak\\vendor\\laravel\\lumen-framework\\src\\Concerns\\RoutesRequests.php(284): Laravel\\Lumen\\Application->callControllerAction(Array)
#11 D:\\FILKOM\\PemIn (A)\\lumen-prak\\vendor\\laravel\\lumen-framework\\src\\Concerns\\RoutesRequests.php(269): Laravel\\Lumen\\Application->callActionOnArrayBasedRoute(Array)
#12 D:\\FILKOM\\PemIn (A)\\lumen-prak\\vendor\\laravel\\lumen-framework\\src\\Concerns\\RoutesRequests.php(171): Laravel\\Lumen\\Application->handleFoundRoute(Array)
#13 D:\\FILKOM\\PemIn (A)\\lumen-prak\\vendor\\laravel\\lumen-framework\\src\\Concerns\\RoutesRequests.php(431): Laravel\\Lumen\\Application->Laravel\\Lumen\\Concerns\\{closure}(Object(Laravel\\Lumen\\Http\\Request))
#14 D:\\FILKOM\\PemIn (A)\\lumen-prak\\vendor\\laravel\\lumen-framework\\src\\Concerns\\RoutesRequests.php(177): Laravel\\Lumen\\Application->sendThroughPipeline(Array, Object(Closure))
#15 D:\\FILKOM\\PemIn (A)\\lumen-prak\\vendor\\laravel\\lumen-framework\\src\\Concerns\\RoutesRequests.php(112): Laravel\\Lumen\\Application->dispatch(NULL)
#16 D:\\FILKOM\\PemIn (A)\\lumen-prak\\public\\index.php(28): Laravel\\Lumen\\Application->run()
#17 {main}
"} 
[2022-12-01 08:01:44] local.ERROR: Attempt to assign property "token" on null {"exception":"[object] (Error(code: 0): Attempt to assign property \"token\" on null at D:\\FILKOM\\PemIn (A)\\lumen-prak\\app\\Http\\Controllers\\AuthController.php:86)
[stacktrace]
#0 D:\\FILKOM\\PemIn (A)\\lumen-prak\\vendor\\illuminate\\container\\BoundMethod.php(36): App\\Http\\Controllers\\AuthController->login(Object(Laravel\\Lumen\\Http\\Request))
#1 D:\\FILKOM\\PemIn (A)\\lumen-prak\\vendor\\illuminate\\container\\Util.php(41): Illuminate\\Container\\BoundMethod::Illuminate\\Container\\{closure}()
#2 D:\\FILKOM\\PemIn (A)\\lumen-prak\\vendor\\illuminate\\container\\BoundMethod.php(93): Illuminate\\Container\\Util::unwrapIfClosure(Object(Closure))
#3 D:\\FILKOM\\PemIn (A)\\lumen-prak\\vendor\\illuminate\\container\\BoundMethod.php(37): Illuminate\\Container\\BoundMethod::callBoundMethod(Object(Laravel\\Lumen\\Application), Array, Object(Closure))
#4 D:\\FILKOM\\PemIn (A)\\lumen-prak\\vendor\\illuminate\\container\\Container.php(651): Illuminate\\Container\\BoundMethod::call(Object(Laravel\\Lumen\\Application), Array, Array, NULL)
#5 D:\\FILKOM\\PemIn (A)\\lumen-prak\\vendor\\laravel\\lumen-framework\\src\\Concerns\\RoutesRequests.php(391): Illuminate\\Container\\Container->call(Array, Array)
#6 D:\\FILKOM\\PemIn (A)\\lumen-prak\\vendor\\laravel\\lumen-framework\\src\\Concerns\\RoutesRequests.php(357): Laravel\\Lumen\\Application->callControllerCallable(Array, Array)
#7 D:\\FILKOM\\PemIn (A)\\lumen-prak\\vendor\\laravel\\lumen-framework\\src\\Concerns\\RoutesRequests.php(331): Laravel\\Lumen\\Application->callLumenController(Object(App\\Http\\Controllers\\AuthController), 'login', Array)
#8 D:\\FILKOM\\PemIn (A)\\lumen-prak\\vendor\\laravel\\lumen-framework\\src\\Concerns\\RoutesRequests.php(284): Laravel\\Lumen\\Application->callControllerAction(Array)
#9 D:\\FILKOM\\PemIn (A)\\lumen-prak\\vendor\\laravel\\lumen-framework\\src\\Concerns\\RoutesRequests.php(269): Laravel\\Lumen\\Application->callActionOnArrayBasedRoute(Array)
#10 D:\\FILKOM\\PemIn (A)\\lumen-prak\\vendor\\laravel\\lumen-framework\\src\\Concerns\\RoutesRequests.php(171): Laravel\\Lumen\\Application->handleFoundRoute(Array)
#11 D:\\FILKOM\\PemIn (A)\\lumen-prak\\vendor\\laravel\\lumen-framework\\src\\Concerns\\RoutesRequests.php(431): Laravel\\Lumen\\Application->Laravel\\Lumen\\Concerns\\{closure}(Object(Laravel\\Lumen\\Http\\Request))
#12 D:\\FILKOM\\PemIn (A)\\lumen-prak\\vendor\\laravel\\lumen-framework\\src\\Concerns\\RoutesRequests.php(177): Laravel\\Lumen\\Application->sendThroughPipeline(Array, Object(Closure))
#13 D:\\FILKOM\\PemIn (A)\\lumen-prak\\vendor\\laravel\\lumen-framework\\src\\Concerns\\RoutesRequests.php(112): Laravel\\Lumen\\Application->dispatch(NULL)
#14 D:\\FILKOM\\PemIn (A)\\lumen-prak\\public\\index.php(28): Laravel\\Lumen\\Application->run()
#15 {main}
"} 
[2022-12-01 08:05:19] local.ERROR: Attempt to assign property "token" on null {"exception":"[object] (Error(code: 0): Attempt to assign property \"token\" on null at D:\\FILKOM\\PemIn (A)\\lumen-prak\\app\\Http\\Controllers\\AuthController.php:86)
[stacktrace]
#0 D:\\FILKOM\\PemIn (A)\\lumen-prak\\vendor\\illuminate\\container\\BoundMethod.php(36): App\\Http\\Controllers\\AuthController->login(Object(Laravel\\Lumen\\Http\\Request))
#1 D:\\FILKOM\\PemIn (A)\\lumen-prak\\vendor\\illuminate\\container\\Util.php(41): Illuminate\\Container\\BoundMethod::Illuminate\\Container\\{closure}()
#2 D:\\FILKOM\\PemIn (A)\\lumen-prak\\vendor\\illuminate\\container\\BoundMethod.php(93): Illuminate\\Container\\Util::unwrapIfClosure(Object(Closure))
#3 D:\\FILKOM\\PemIn (A)\\lumen-prak\\vendor\\illuminate\\container\\BoundMethod.php(37): Illuminate\\Container\\BoundMethod::callBoundMethod(Object(Laravel\\Lumen\\Application), Array, Object(Closure))
#4 D:\\FILKOM\\PemIn (A)\\lumen-prak\\vendor\\illuminate\\container\\Container.php(651): Illuminate\\Container\\BoundMethod::call(Object(Laravel\\Lumen\\Application), Array, Array, NULL)
#5 D:\\FILKOM\\PemIn (A)\\lumen-prak\\vendor\\laravel\\lumen-framework\\src\\Concerns\\RoutesRequests.php(391): Illuminate\\Container\\Container->call(Array, Array)
#6 D:\\FILKOM\\PemIn (A)\\lumen-prak\\vendor\\laravel\\lumen-framework\\src\\Concerns\\RoutesRequests.php(357): Laravel\\Lumen\\Application->callControllerCallable(Array, Array)
#7 D:\\FILKOM\\PemIn (A)\\lumen-prak\\vendor\\laravel\\lumen-framework\\src\\Concerns\\RoutesRequests.php(331): Laravel\\Lumen\\Application->callLumenController(Object(App\\Http\\Controllers\\AuthController), 'login', Array)
#8 D:\\FILKOM\\PemIn (A)\\lumen-prak\\vendor\\laravel\\lumen-framework\\src\\Concerns\\RoutesRequests.php(284): Laravel\\Lumen\\Application->callControllerAction(Array)
#9 D:\\FILKOM\\PemIn (A)\\lumen-prak\\vendor\\laravel\\lumen-framework\\src\\Concerns\\RoutesRequests.php(269): Laravel\\Lumen\\Application->callActionOnArrayBasedRoute(Array)
#10 D:\\FILKOM\\PemIn (A)\\lumen-prak\\vendor\\laravel\\lumen-framework\\src\\Concerns\\RoutesRequests.php(171): Laravel\\Lumen\\Application->handleFoundRoute(Array)
#11 D:\\FILKOM\\PemIn (A)\\lumen-prak\\vendor\\laravel\\lumen-framework\\src\\Concerns\\RoutesRequests.php(431): Laravel\\Lumen\\Application->Laravel\\Lumen\\Concerns\\{closure}(Object(Laravel\\Lumen\\Http\\Request))
#12 D:\\FILKOM\\PemIn (A)\\lumen-prak\\vendor\\laravel\\lumen-framework\\src\\Concerns\\RoutesRequests.php(177): Laravel\\Lumen\\Application->sendThroughPipeline(Array, Object(Closure))
#13 D:\\FILKOM\\PemIn (A)\\lumen-prak\\vendor\\laravel\\lumen-framework\\src\\Concerns\\RoutesRequests.php(112): Laravel\\Lumen\\Application->dispatch(NULL)
#14 D:\\FILKOM\\PemIn (A)\\lumen-prak\\public\\index.php(28): Laravel\\Lumen\\Application->run()
#15 {main}
"} 
[2022-12-01 08:06:42] local.ERROR: Attempt to assign property "token" on null {"exception":"[object] (Error(code: 0): Attempt to assign property \"token\" on null at D:\\FILKOM\\PemIn (A)\\lumen-prak\\app\\Http\\Controllers\\AuthController.php:86)
[stacktrace]
#0 D:\\FILKOM\\PemIn (A)\\lumen-prak\\vendor\\illuminate\\container\\BoundMethod.php(36): App\\Http\\Controllers\\AuthController->login(Object(Laravel\\Lumen\\Http\\Request))
#1 D:\\FILKOM\\PemIn (A)\\lumen-prak\\vendor\\illuminate\\container\\Util.php(41): Illuminate\\Container\\BoundMethod::Illuminate\\Container\\{closure}()
#2 D:\\FILKOM\\PemIn (A)\\lumen-prak\\vendor\\illuminate\\container\\BoundMethod.php(93): Illuminate\\Container\\Util::unwrapIfClosure(Object(Closure))
#3 D:\\FILKOM\\PemIn (A)\\lumen-prak\\vendor\\illuminate\\container\\BoundMethod.php(37): Illuminate\\Container\\BoundMethod::callBoundMethod(Object(Laravel\\Lumen\\Application), Array, Object(Closure))
#4 D:\\FILKOM\\PemIn (A)\\lumen-prak\\vendor\\illuminate\\container\\Container.php(651): Illuminate\\Container\\BoundMethod::call(Object(Laravel\\Lumen\\Application), Array, Array, NULL)
#5 D:\\FILKOM\\PemIn (A)\\lumen-prak\\vendor\\laravel\\lumen-framework\\src\\Concerns\\RoutesRequests.php(391): Illuminate\\Container\\Container->call(Array, Array)
#6 D:\\FILKOM\\PemIn (A)\\lumen-prak\\vendor\\laravel\\lumen-framework\\src\\Concerns\\RoutesRequests.php(357): Laravel\\Lumen\\Application->callControllerCallable(Array, Array)
#7 D:\\FILKOM\\PemIn (A)\\lumen-prak\\vendor\\laravel\\lumen-framework\\src\\Concerns\\RoutesRequests.php(331): Laravel\\Lumen\\Application->callLumenController(Object(App\\Http\\Controllers\\AuthController), 'login', Array)
#8 D:\\FILKOM\\PemIn (A)\\lumen-prak\\vendor\\laravel\\lumen-framework\\src\\Concerns\\RoutesRequests.php(284): Laravel\\Lumen\\Application->callControllerAction(Array)
#9 D:\\FILKOM\\PemIn (A)\\lumen-prak\\vendor\\laravel\\lumen-framework\\src\\Concerns\\RoutesRequests.php(269): Laravel\\Lumen\\Application->callActionOnArrayBasedRoute(Array)
#10 D:\\FILKOM\\PemIn (A)\\lumen-prak\\vendor\\laravel\\lumen-framework\\src\\Concerns\\RoutesRequests.php(171): Laravel\\Lumen\\Application->handleFoundRoute(Array)
#11 D:\\FILKOM\\PemIn (A)\\lumen-prak\\vendor\\laravel\\lumen-framework\\src\\Concerns\\RoutesRequests.php(431): Laravel\\Lumen\\Application->Laravel\\Lumen\\Concerns\\{closure}(Object(Laravel\\Lumen\\Http\\Request))
#12 D:\\FILKOM\\PemIn (A)\\lumen-prak\\vendor\\laravel\\lumen-framework\\src\\Concerns\\RoutesRequests.php(177): Laravel\\Lumen\\Application->sendThroughPipeline(Array, Object(Closure))
#13 D:\\FILKOM\\PemIn (A)\\lumen-prak\\vendor\\laravel\\lumen-framework\\src\\Concerns\\RoutesRequests.php(112): Laravel\\Lumen\\Application->dispatch(NULL)
#14 D:\\FILKOM\\PemIn (A)\\lumen-prak\\public\\index.php(28): Laravel\\Lumen\\Application->run()
#15 {main}
"} 
